Nov 10, 2021 1:15:30 PM main.CSLogger log
INFO: ready:ready
Nov 10, 2021 1:15:30 PM main.CSLogger log
INFO: position:1,1
Nov 10, 2021 1:15:30 PM main.CSLogger log
INFO: surface:LOW
Nov 10, 2021 1:15:30 PM main.CSLogger log
INFO: surface:HIGH
Nov 10, 2021 1:15:30 PM main.CSLogger log
INFO: obstacle:none
Nov 10, 2021 1:15:30 PM main.CSLogger log
INFO: position:1,2
Nov 10, 2021 1:15:30 PM main.CSLogger log
INFO: direction:straight
Nov 10, 2021 1:15:31 PM main.CSLogger log
INFO: power:247.5
Nov 10, 2021 1:15:31 PM main.CSLogger log
INFO: surface:BARE
Nov 10, 2021 1:15:31 PM main.CSLogger log
INFO: surface:HIGH
Nov 10, 2021 1:15:31 PM main.CSLogger log
INFO: obstacle:none
Nov 10, 2021 1:15:31 PM main.CSLogger log
INFO: position:1,3
Nov 10, 2021 1:15:31 PM main.CSLogger log
INFO: direction:straight
Nov 10, 2021 1:15:32 PM main.CSLogger log
INFO: power:245.5
Nov 10, 2021 1:15:32 PM main.CSLogger log
INFO: surface:BARE
Nov 10, 2021 1:15:32 PM main.CSLogger log
INFO: surface:HIGH
Nov 10, 2021 1:15:32 PM main.CSLogger log
INFO: obstacle:none
Nov 10, 2021 1:15:32 PM main.CSLogger log
INFO: position:1,4
Nov 10, 2021 1:15:32 PM main.CSLogger log
INFO: direction:straight
Nov 10, 2021 1:15:33 PM main.CSLogger log
INFO: power:243.5
Nov 10, 2021 1:15:33 PM main.CSLogger log
INFO: cleaning:cleaning spot
Nov 10, 2021 1:15:33 PM main.CSLogger log
INFO: power:240.5
Nov 10, 2021 1:15:33 PM main.CSLogger log
INFO: surface:HIGH
Nov 10, 2021 1:15:33 PM main.CSLogger log
INFO: surface:HIGH
Nov 10, 2021 1:15:33 PM main.CSLogger log
INFO: obstacle:none
Nov 10, 2021 1:15:33 PM main.CSLogger log
INFO: position:1,5
Nov 10, 2021 1:15:33 PM main.CSLogger log
INFO: direction:straight
Nov 10, 2021 1:15:34 PM main.CSLogger log
INFO: power:237.5
Nov 10, 2021 1:15:34 PM main.CSLogger log
INFO: surface:LOW
Nov 10, 2021 1:15:34 PM main.CSLogger log
INFO: surface:BARE
Nov 10, 2021 1:15:34 PM main.CSLogger log
INFO: obstacle:obstacle found
Nov 10, 2021 1:15:34 PM main.CSLogger log
INFO: obstacle:obstacle found
Nov 10, 2021 1:15:34 PM main.CSLogger log
INFO: obstacle:none
Nov 10, 2021 1:15:34 PM main.CSLogger log
INFO: position:2,5
Nov 10, 2021 1:15:34 PM main.CSLogger log
INFO: direction:right
